<?xml version="1.0" encoding="UTF-8"?>
<testsuite xmlns:xsi="http://www.w3.org/2001/XMLSchema-instance" xsi:noNamespaceSchemaLocation="https://maven.apache.org/surefire/maven-surefire-plugin/xsd/surefire-test-report.xsd" name="testRunner.TestRun" time="132.515" tests="6" errors="0" skipped="0" failures="1">
  <properties>
[...]
</properties>
  <testcase name="Add new Customer" classname="Customers" time="44.631"/>
  <testcase name="Search customer by EMailID" classname="Customers" time="25.651"/>
  <testcase name="Search customer by Name" classname="Customers" time="21.327"/>
  <testcase name="Successful Login with Valid Credentials" classname="Login" time="15.772"/>
  <testcase name="Login Data Driven #1" classname="Login" time="14.607"/>
  <testcase name="Login Data Driven #2" classname="Login" time="5.448">
    <failure type="java.lang.AssertionError">java.lang.AssertionError
</failure>
    <system-out><![CDATA[
@regre
Scenario Outline: Login Data Driven                                          # Features/Login.feature:28
[DEBUG] Using new Channel '[id: 0x0de05103, L:/127.0.0.1:59868 - R:localhost/127.0.0.1:4067]' for 'POST' to '/session'
[DEBUG] Entry count for : http://localhost:36282 : 1
[DEBUG] Adding Candidate expired Channel [id: 0x40e4d9d1, L:/127.0.0.1:59745 ! R:localhost/127.0.0.1:36282] isIdleTimeoutExpired=false isRemotelyClosed=true isTtlExpired=false
[DEBUG] Closing Idle Channel [id: 0x40e4d9d1, L:/127.0.0.1:59745 ! R:localhost/127.0.0.1:36282]
[DEBUG] Closed 1 connections out of 1 in 2 ms
[DEBUG] 

Request DefaultHttpRequest(decodeResult: success, version: HTTP/1.1)
POST /session HTTP/1.1
User-Agent: selenium/4.6.0 (java windows)
Content-Length: 439
Content-Type: application/json; charset=utf-8
host: localhost:4067
accept: */*

Response DefaultHttpResponse(decodeResult: success, version: HTTP/1.1)
HTTP/1.1 200 OK
Content-Type: application/json; charset=utf-8
cache-control: no-cache
content-length: 787

[DEBUG] Adding key: http://localhost:4067 for channel [id: 0x0de05103, L:/127.0.0.1:59868 - R:localhost/127.0.0.1:4067]
[DEBUG] Using new Channel '[id: 0x268bbf4a, L:/127.0.0.1:59876 - R:localhost/127.0.0.1:59869]' for 'GET' to '/json/version'
[DEBUG] 

Request DefaultFullHttpRequest(decodeResult: success, version: HTTP/1.1, content: EmptyByteBufBE)
GET /json/version HTTP/1.1
User-Agent: selenium/4.6.0 (java windows)
host: localhost:59869
accept: */*

Response DefaultHttpResponse(decodeResult: success, version: HTTP/1.1)
HTTP/1.1 200 OK
Content-Security-Policy: frame-ancestors 'none'
Content-Type: application/json; charset=UTF-8
content-length: 424

[DEBUG] Adding key: http://localhost:59869 for channel [id: 0x268bbf4a, L:/127.0.0.1:59876 - R:localhost/127.0.0.1:59869]
[DEBUG] Using new Channel '[id: 0xc6915956, L:/127.0.0.1:59877 - R:localhost/127.0.0.1:59869]' for 'GET' to '/devtools/browser/1d509d40-39ef-4c91-8f9b-a74781d9b7fa'
[DEBUG] 

Request DefaultFullHttpRequest(decodeResult: success, version: HTTP/1.1, content: EmptyByteBufBE)
GET /devtools/browser/1d509d40-39ef-4c91-8f9b-a74781d9b7fa HTTP/1.1
upgrade: websocket
connection: upgrade
sec-websocket-key: k9vFL8t1YIZgcoH44/wxPA==
sec-websocket-version: 13
origin: http://localhost:59869
host: localhost:59869
accept: */*
user-agent: AHC/2.1

Response DefaultHttpResponse(decodeResult: success, version: HTTP/1.1)
HTTP/1.1 101 WebSocket Protocol Handshake
Upgrade: WebSocket
Connection: Upgrade
Sec-WebSocket-Accept: jb2O9tRMS3q203jC0OJVqt8u9kI=

 INFO [main] (Steps.java:56)- ************Luanching browser **********
[DEBUG] Using pooled Channel '[id: 0x0de05103, L:/127.0.0.1:59868 - R:localhost/127.0.0.1:4067]' for 'POST' to 'http://localhost:4067/session/9b41f94a5147c1092d318add1198a970/window/maximize'
[DEBUG] Using open Channel [id: 0x0de05103, L:/127.0.0.1:59868 - R:localhost/127.0.0.1:4067] for POST '/session/9b41f94a5147c1092d318add1198a970/window/maximize'
[DEBUG] 

Request DefaultHttpRequest(decodeResult: success, version: HTTP/1.1)
POST /session/9b41f94a5147c1092d318add1198a970/window/maximize HTTP/1.1
User-Agent: selenium/4.6.0 (java windows)
Content-Length: 3
Content-Type: application/json; charset=utf-8
host: localhost:4067
accept: */*

Response DefaultHttpResponse(decodeResult: success, version: HTTP/1.1)
HTTP/1.1 200 OK
Content-Type: application/json; charset=utf-8
cache-control: no-cache
content-length: 51

[DEBUG] Adding key: http://localhost:4067 for channel [id: 0x0de05103, L:/127.0.0.1:59868 - R:localhost/127.0.0.1:4067]
  Given User Launch Chrome browser                                           # stepDefinition.Steps.user_launch_chrome_browser()
[DEBUG] Using pooled Channel '[id: 0x0de05103, L:/127.0.0.1:59868 - R:localhost/127.0.0.1:4067]' for 'POST' to 'http://localhost:4067/session/9b41f94a5147c1092d318add1198a970/url'
[DEBUG] Using open Channel [id: 0x0de05103, L:/127.0.0.1:59868 - R:localhost/127.0.0.1:4067] for POST '/session/9b41f94a5147c1092d318add1198a970/url'
[DEBUG] Entry count for : http://localhost:59869 : 1
[DEBUG] Entry count for : http://localhost:59869 : 1
[DEBUG] 

Request DefaultHttpRequest(decodeResult: success, version: HTTP/1.1)
POST /session/9b41f94a5147c1092d318add1198a970/url HTTP/1.1
User-Agent: selenium/4.6.0 (java windows)
Content-Length: 69
Content-Type: application/json; charset=utf-8
host: localhost:4067
accept: */*

Response DefaultHttpResponse(decodeResult: success, version: HTTP/1.1)
HTTP/1.1 200 OK
Content-Type: application/json; charset=utf-8
cache-control: no-cache
content-length: 14

[DEBUG] Adding key: http://localhost:4067 for channel [id: 0x0de05103, L:/127.0.0.1:59868 - R:localhost/127.0.0.1:4067]
  When User opens URL "http://admin-demo.nopcommerce.com/login"              # stepDefinition.Steps.user_opens_url(java.lang.String)
[DEBUG] Using pooled Channel '[id: 0x0de05103, L:/127.0.0.1:59868 - R:localhost/127.0.0.1:4067]' for 'POST' to 'http://localhost:4067/session/9b41f94a5147c1092d318add1198a970/element'
[DEBUG] Using open Channel [id: 0x0de05103, L:/127.0.0.1:59868 - R:localhost/127.0.0.1:4067] for POST '/session/9b41f94a5147c1092d318add1198a970/element'
[DEBUG] 

Request DefaultHttpRequest(decodeResult: success, version: HTTP/1.1)
POST /session/9b41f94a5147c1092d318add1198a970/element HTTP/1.1
User-Agent: selenium/4.6.0 (java windows)
Content-Length: 50
Content-Type: application/json; charset=utf-8
host: localhost:4067
accept: */*

Response DefaultHttpResponse(decodeResult: success, version: HTTP/1.1)
HTTP/1.1 200 OK
Content-Type: application/json; charset=utf-8
cache-control: no-cache
content-length: 88

[DEBUG] Adding key: http://localhost:4067 for channel [id: 0x0de05103, L:/127.0.0.1:59868 - R:localhost/127.0.0.1:4067]
[DEBUG] Using pooled Channel '[id: 0x0de05103, L:/127.0.0.1:59868 - R:localhost/127.0.0.1:4067]' for 'POST' to 'http://localhost:4067/session/9b41f94a5147c1092d318add1198a970/element/98969d1e-c308-455c-95c2-f2389d1827c3/clear'
[DEBUG] Using open Channel [id: 0x0de05103, L:/127.0.0.1:59868 - R:localhost/127.0.0.1:4067] for POST '/session/9b41f94a5147c1092d318add1198a970/element/98969d1e-c308-455c-95c2-f2389d1827c3/clear'
[DEBUG] 

Request DefaultHttpRequest(decodeResult: success, version: HTTP/1.1)
POST /session/9b41f94a5147c1092d318add1198a970/element/98969d1e-c308-455c-95c2-f2389d1827c3/clear HTTP/1.1
User-Agent: selenium/4.6.0 (java windows)
Content-Length: 50
Content-Type: application/json; charset=utf-8
host: localhost:4067
accept: */*

Response DefaultHttpResponse(decodeResult: success, version: HTTP/1.1)
HTTP/1.1 200 OK
Content-Type: application/json; charset=utf-8
cache-control: no-cache
content-length: 14

[DEBUG] Adding key: http://localhost:4067 for channel [id: 0x0de05103, L:/127.0.0.1:59868 - R:localhost/127.0.0.1:4067]
[DEBUG] Using pooled Channel '[id: 0x0de05103, L:/127.0.0.1:59868 - R:localhost/127.0.0.1:4067]' for 'POST' to 'http://localhost:4067/session/9b41f94a5147c1092d318add1198a970/element/98969d1e-c308-455c-95c2-f2389d1827c3/value'
[DEBUG] Using open Channel [id: 0x0de05103, L:/127.0.0.1:59868 - R:localhost/127.0.0.1:4067] for POST '/session/9b41f94a5147c1092d318add1198a970/element/98969d1e-c308-455c-95c2-f2389d1827c3/value'
[DEBUG] 

Request DefaultHttpRequest(decodeResult: success, version: HTTP/1.1)
POST /session/9b41f94a5147c1092d318add1198a970/element/98969d1e-c308-455c-95c2-f2389d1827c3/value HTTP/1.1
User-Agent: selenium/4.6.0 (java windows)
Content-Length: 281
Content-Type: application/json; charset=utf-8
host: localhost:4067
accept: */*

Response DefaultHttpResponse(decodeResult: success, version: HTTP/1.1)
HTTP/1.1 200 OK
Content-Type: application/json; charset=utf-8
cache-control: no-cache
content-length: 14

[DEBUG] Adding key: http://localhost:4067 for channel [id: 0x0de05103, L:/127.0.0.1:59868 - R:localhost/127.0.0.1:4067]
[DEBUG] Using pooled Channel '[id: 0x0de05103, L:/127.0.0.1:59868 - R:localhost/127.0.0.1:4067]' for 'POST' to 'http://localhost:4067/session/9b41f94a5147c1092d318add1198a970/element'
[DEBUG] Using open Channel [id: 0x0de05103, L:/127.0.0.1:59868 - R:localhost/127.0.0.1:4067] for POST '/session/9b41f94a5147c1092d318add1198a970/element'
[DEBUG] 

Request DefaultHttpRequest(decodeResult: success, version: HTTP/1.1)
POST /session/9b41f94a5147c1092d318add1198a970/element HTTP/1.1
User-Agent: selenium/4.6.0 (java windows)
Content-Length: 53
Content-Type: application/json; charset=utf-8
host: localhost:4067
accept: */*

Response DefaultHttpResponse(decodeResult: success, version: HTTP/1.1)
HTTP/1.1 200 OK
Content-Type: application/json; charset=utf-8
cache-control: no-cache
content-length: 88

[DEBUG] Adding key: http://localhost:4067 for channel [id: 0x0de05103, L:/127.0.0.1:59868 - R:localhost/127.0.0.1:4067]
[DEBUG] Using pooled Channel '[id: 0x0de05103, L:/127.0.0.1:59868 - R:localhost/127.0.0.1:4067]' for 'POST' to 'http://localhost:4067/session/9b41f94a5147c1092d318add1198a970/element/b4ec6a77-29d2-41ff-b1fb-fcc43d952df3/clear'
[DEBUG] Using open Channel [id: 0x0de05103, L:/127.0.0.1:59868 - R:localhost/127.0.0.1:4067] for POST '/session/9b41f94a5147c1092d318add1198a970/element/b4ec6a77-29d2-41ff-b1fb-fcc43d952df3/clear'
[DEBUG] 

Request DefaultHttpRequest(decodeResult: success, version: HTTP/1.1)
POST /session/9b41f94a5147c1092d318add1198a970/element/b4ec6a77-29d2-41ff-b1fb-fcc43d952df3/clear HTTP/1.1
User-Agent: selenium/4.6.0 (java windows)
Content-Length: 50
Content-Type: application/json; charset=utf-8
host: localhost:4067
accept: */*

Response DefaultHttpResponse(decodeResult: success, version: HTTP/1.1)
HTTP/1.1 200 OK
Content-Type: application/json; charset=utf-8
cache-control: no-cache
content-length: 14

[DEBUG] Adding key: http://localhost:4067 for channel [id: 0x0de05103, L:/127.0.0.1:59868 - R:localhost/127.0.0.1:4067]
[DEBUG] Using pooled Channel '[id: 0x0de05103, L:/127.0.0.1:59868 - R:localhost/127.0.0.1:4067]' for 'POST' to 'http://localhost:4067/session/9b41f94a5147c1092d318add1198a970/element/b4ec6a77-29d2-41ff-b1fb-fcc43d952df3/value'
[DEBUG] Using open Channel [id: 0x0de05103, L:/127.0.0.1:59868 - R:localhost/127.0.0.1:4067] for POST '/session/9b41f94a5147c1092d318add1198a970/element/b4ec6a77-29d2-41ff-b1fb-fcc43d952df3/value'
[DEBUG] Entry count for : http://localhost:59869 : 1
[DEBUG] 

Request DefaultHttpRequest(decodeResult: success, version: HTTP/1.1)
POST /session/9b41f94a5147c1092d318add1198a970/element/b4ec6a77-29d2-41ff-b1fb-fcc43d952df3/value HTTP/1.1
User-Agent: selenium/4.6.0 (java windows)
Content-Length: 161
Content-Type: application/json; charset=utf-8
host: localhost:4067
accept: */*

Response DefaultHttpResponse(decodeResult: success, version: HTTP/1.1)
HTTP/1.1 200 OK
Content-Type: application/json; charset=utf-8
cache-control: no-cache
content-length: 14

[DEBUG] Adding key: http://localhost:4067 for channel [id: 0x0de05103, L:/127.0.0.1:59868 - R:localhost/127.0.0.1:4067]
  And User enters Email as "admin1@yourstore.com" and Password as "admin123" # stepDefinition.Steps.user_enters_email_as_and_password_as(java.lang.String,java.lang.String)
[DEBUG] Using pooled Channel '[id: 0x0de05103, L:/127.0.0.1:59868 - R:localhost/127.0.0.1:4067]' for 'POST' to 'http://localhost:4067/session/9b41f94a5147c1092d318add1198a970/element'
[DEBUG] Using open Channel [id: 0x0de05103, L:/127.0.0.1:59868 - R:localhost/127.0.0.1:4067] for POST '/session/9b41f94a5147c1092d318add1198a970/element'
[DEBUG] 

Request DefaultHttpRequest(decodeResult: success, version: HTTP/1.1)
POST /session/9b41f94a5147c1092d318add1198a970/element HTTP/1.1
User-Agent: selenium/4.6.0 (java windows)
Content-Length: 82
Content-Type: application/json; charset=utf-8
host: localhost:4067
accept: */*

Response DefaultHttpResponse(decodeResult: success, version: HTTP/1.1)
HTTP/1.1 200 OK
Content-Type: application/json; charset=utf-8
cache-control: no-cache
content-length: 88

[DEBUG] Adding key: http://localhost:4067 for channel [id: 0x0de05103, L:/127.0.0.1:59868 - R:localhost/127.0.0.1:4067]
[DEBUG] Using pooled Channel '[id: 0x0de05103, L:/127.0.0.1:59868 - R:localhost/127.0.0.1:4067]' for 'POST' to 'http://localhost:4067/session/9b41f94a5147c1092d318add1198a970/element/6a5885bf-3110-4ede-88e8-76825a798bad/click'
[DEBUG] Using open Channel [id: 0x0de05103, L:/127.0.0.1:59868 - R:localhost/127.0.0.1:4067] for POST '/session/9b41f94a5147c1092d318add1198a970/element/6a5885bf-3110-4ede-88e8-76825a798bad/click'
[DEBUG] 

Request DefaultHttpRequest(decodeResult: success, version: HTTP/1.1)
POST /session/9b41f94a5147c1092d318add1198a970/element/6a5885bf-3110-4ede-88e8-76825a798bad/click HTTP/1.1
User-Agent: selenium/4.6.0 (java windows)
Content-Length: 50
Content-Type: application/json; charset=utf-8
host: localhost:4067
accept: */*

Response DefaultHttpResponse(decodeResult: success, version: HTTP/1.1)
HTTP/1.1 200 OK
Content-Type: application/json; charset=utf-8
cache-control: no-cache
content-length: 14

[DEBUG] Adding key: http://localhost:4067 for channel [id: 0x0de05103, L:/127.0.0.1:59868 - R:localhost/127.0.0.1:4067]
  And Click on Login                                                         # stepDefinition.Steps.click_on_login()
[DEBUG] Using pooled Channel '[id: 0x0de05103, L:/127.0.0.1:59868 - R:localhost/127.0.0.1:4067]' for 'POST' to 'http://localhost:4067/session/9b41f94a5147c1092d318add1198a970/execute/sync'
[DEBUG] Using open Channel [id: 0x0de05103, L:/127.0.0.1:59868 - R:localhost/127.0.0.1:4067] for POST '/session/9b41f94a5147c1092d318add1198a970/execute/sync'
[DEBUG] 

Request DefaultHttpRequest(decodeResult: success, version: HTTP/1.1)
POST /session/9b41f94a5147c1092d318add1198a970/execute/sync HTTP/1.1
User-Agent: selenium/4.6.0 (java windows)
Content-Length: 176
Content-Type: application/json; charset=utf-8
host: localhost:4067
accept: */*

Response DefaultHttpResponse(decodeResult: success, version: HTTP/1.1)
HTTP/1.1 200 OK
Content-Type: application/json; charset=utf-8
cache-control: no-cache
content-length: 4961

[DEBUG] Adding key: http://localhost:4067 for channel [id: 0x0de05103, L:/127.0.0.1:59868 - R:localhost/127.0.0.1:4067]
[DEBUG] Using pooled Channel '[id: 0x0de05103, L:/127.0.0.1:59868 - R:localhost/127.0.0.1:4067]' for 'DELETE' to 'http://localhost:4067/session/9b41f94a5147c1092d318add1198a970/window'
[DEBUG] Using open Channel [id: 0x0de05103, L:/127.0.0.1:59868 - R:localhost/127.0.0.1:4067] for DELETE '/session/9b41f94a5147c1092d318add1198a970/window'
[DEBUG] Unexpected I/O exception on channel [id: 0x268bbf4a, L:/127.0.0.1:59876 - R:localhost/127.0.0.1:59869]
java.net.SocketException: Connection reset
	at java.base/sun.nio.ch.SocketChannelImpl.throwConnectionReset(SocketChannelImpl.java:394) ~[na:na]
	at java.base/sun.nio.ch.SocketChannelImpl.read(SocketChannelImpl.java:426) ~[na:na]
	at io.netty.buffer.PooledByteBuf.setBytes(PooledByteBuf.java:259) ~[netty-buffer-4.1.84.Final.jar:4.1.84.Final]
	at io.netty.buffer.AbstractByteBuf.writeBytes(AbstractByteBuf.java:1132) ~[netty-buffer-4.1.84.Final.jar:4.1.84.Final]
	at io.netty.channel.socket.nio.NioSocketChannel.doReadBytes(NioSocketChannel.java:357) ~[netty-transport-4.1.84.Final.jar:4.1.84.Final]
	at io.netty.channel.nio.AbstractNioByteChannel$NioByteUnsafe.read(AbstractNioByteChannel.java:151) ~[netty-transport-4.1.84.Final.jar:4.1.84.Final]
	at io.netty.channel.nio.NioEventLoop.processSelectedKey(NioEventLoop.java:788) ~[netty-transport-4.1.84.Final.jar:4.1.84.Final]
	at io.netty.channel.nio.NioEventLoop.processSelectedKeysOptimized(NioEventLoop.java:724) ~[netty-transport-4.1.84.Final.jar:4.1.84.Final]
	at io.netty.channel.nio.NioEventLoop.processSelectedKeys(NioEventLoop.java:650) ~[netty-transport-4.1.84.Final.jar:4.1.84.Final]
	at io.netty.channel.nio.NioEventLoop.run(NioEventLoop.java:562) ~[netty-transport-4.1.84.Final.jar:4.1.84.Final]
	at io.netty.util.concurrent.SingleThreadEventExecutor$4.run(SingleThreadEventExecutor.java:997) ~[netty-common-4.1.84.Final.jar:4.1.84.Final]
	at io.netty.util.internal.ThreadExecutorMap$2.run(ThreadExecutorMap.java:74) ~[netty-common-4.1.84.Final.jar:4.1.84.Final]
	at io.netty.util.concurrent.FastThreadLocalRunnable.run(FastThreadLocalRunnable.java:30) ~[netty-common-4.1.84.Final.jar:4.1.84.Final]
	at java.base/java.lang.Thread.run(Thread.java:833) ~[na:na]
[DEBUG] Unexpected I/O exception on channel [id: 0xc6915956, L:/127.0.0.1:59877 - R:localhost/127.0.0.1:59869]
java.net.SocketException: Connection reset
	at java.base/sun.nio.ch.SocketChannelImpl.throwConnectionReset(SocketChannelImpl.java:394) ~[na:na]
	at java.base/sun.nio.ch.SocketChannelImpl.read(SocketChannelImpl.java:426) ~[na:na]
	at io.netty.buffer.PooledByteBuf.setBytes(PooledByteBuf.java:259) ~[netty-buffer-4.1.84.Final.jar:4.1.84.Final]
	at io.netty.buffer.AbstractByteBuf.writeBytes(AbstractByteBuf.java:1132) ~[netty-buffer-4.1.84.Final.jar:4.1.84.Final]
	at io.netty.channel.socket.nio.NioSocketChannel.doReadBytes(NioSocketChannel.java:357) ~[netty-transport-4.1.84.Final.jar:4.1.84.Final]
	at io.netty.channel.nio.AbstractNioByteChannel$NioByteUnsafe.read(AbstractNioByteChannel.java:151) ~[netty-transport-4.1.84.Final.jar:4.1.84.Final]
	at io.netty.channel.nio.NioEventLoop.processSelectedKey(NioEventLoop.java:788) ~[netty-transport-4.1.84.Final.jar:4.1.84.Final]
	at io.netty.channel.nio.NioEventLoop.processSelectedKeysOptimized(NioEventLoop.java:724) ~[netty-transport-4.1.84.Final.jar:4.1.84.Final]
	at io.netty.channel.nio.NioEventLoop.processSelectedKeys(NioEventLoop.java:650) ~[netty-transport-4.1.84.Final.jar:4.1.84.Final]
	at io.netty.channel.nio.NioEventLoop.run(NioEventLoop.java:562) ~[netty-transport-4.1.84.Final.jar:4.1.84.Final]
	at io.netty.util.concurrent.SingleThreadEventExecutor$4.run(SingleThreadEventExecutor.java:997) ~[netty-common-4.1.84.Final.jar:4.1.84.Final]
	at io.netty.util.internal.ThreadExecutorMap$2.run(ThreadExecutorMap.java:74) ~[netty-common-4.1.84.Final.jar:4.1.84.Final]
	at io.netty.util.concurrent.FastThreadLocalRunnable.run(FastThreadLocalRunnable.java:30) ~[netty-common-4.1.84.Final.jar:4.1.84.Final]
	at java.base/java.lang.Thread.run(Thread.java:833) ~[na:na]
[DEBUG] Closing Channel [id: 0x268bbf4a, L:/127.0.0.1:59876 - R:localhost/127.0.0.1:59869] 
[DEBUG] Channel Closed: [id: 0x268bbf4a, L:/127.0.0.1:59876 ! R:localhost/127.0.0.1:59869] with attribute DISCARD
[DEBUG] Was unable to recover Future: NettyResponseFuture{currentRetry=0,
	isDone=1,
	isCancelled=0,
	asyncHandler=org.asynchttpclient.ws.WebSocketUpgradeHandler@5ca69a80,
	nettyRequest=org.asynchttpclient.netty.request.NettyRequest@3b9485e2,
	future=java.util.concurrent.CompletableFuture@5ae87aa0[Completed normally],
	uri=ws://localhost:59869/devtools/browser/1d509d40-39ef-4c91-8f9b-a74781d9b7fa,
	keepAlive=true,
	redirectCount=0,
	timeoutsHolder=null,
	inAuth=0,
	touch=1681305835110}
[DEBUG] Closing Channel [id: 0xc6915956, L:/127.0.0.1:59877 - R:localhost/127.0.0.1:59869] 
[WARN] onError
java.net.SocketException: Connection reset
	at java.base/sun.nio.ch.SocketChannelImpl.throwConnectionReset(SocketChannelImpl.java:394) ~[na:na]
	at java.base/sun.nio.ch.SocketChannelImpl.read(SocketChannelImpl.java:426) ~[na:na]
	at io.netty.buffer.PooledByteBuf.setBytes(PooledByteBuf.java:259) ~[netty-buffer-4.1.84.Final.jar:4.1.84.Final]
	at io.netty.buffer.AbstractByteBuf.writeBytes(AbstractByteBuf.java:1132) ~[netty-buffer-4.1.84.Final.jar:4.1.84.Final]
	at io.netty.channel.socket.nio.NioSocketChannel.doReadBytes(NioSocketChannel.java:357) ~[netty-transport-4.1.84.Final.jar:4.1.84.Final]
	at io.netty.channel.nio.AbstractNioByteChannel$NioByteUnsafe.read(AbstractNioByteChannel.java:151) ~[netty-transport-4.1.84.Final.jar:4.1.84.Final]
	at io.netty.channel.nio.NioEventLoop.processSelectedKey(NioEventLoop.java:788) ~[netty-transport-4.1.84.Final.jar:4.1.84.Final]
	at io.netty.channel.nio.NioEventLoop.processSelectedKeysOptimized(NioEventLoop.java:724) ~[netty-transport-4.1.84.Final.jar:4.1.84.Final]
	at io.netty.channel.nio.NioEventLoop.processSelectedKeys(NioEventLoop.java:650) ~[netty-transport-4.1.84.Final.jar:4.1.84.Final]
	at io.netty.channel.nio.NioEventLoop.run(NioEventLoop.java:562) ~[netty-transport-4.1.84.Final.jar:4.1.84.Final]
	at io.netty.util.concurrent.SingleThreadEventExecutor$4.run(SingleThreadEventExecutor.java:997) ~[netty-common-4.1.84.Final.jar:4.1.84.Final]
	at io.netty.util.internal.ThreadExecutorMap$2.run(ThreadExecutorMap.java:74) ~[netty-common-4.1.84.Final.jar:4.1.84.Final]
	at io.netty.util.concurrent.FastThreadLocalRunnable.run(FastThreadLocalRunnable.java:30) ~[netty-common-4.1.84.Final.jar:4.1.84.Final]
	at java.base/java.lang.Thread.run(Thread.java:833) ~[na:na]
[DEBUG] Closing Channel [id: 0xc6915956, L:/127.0.0.1:59877 ! R:localhost/127.0.0.1:59869] 
[DEBUG] Channel Closed: [id: 0xc6915956, L:/127.0.0.1:59877 ! R:localhost/127.0.0.1:59869] with attribute DISCARD
[DEBUG] Entry count for : http://localhost:59869 : 1
[DEBUG] Adding Candidate expired Channel [id: 0x268bbf4a, L:/127.0.0.1:59876 ! R:localhost/127.0.0.1:59869] isIdleTimeoutExpired=false isRemotelyClosed=true isTtlExpired=false
[DEBUG] Closing Idle Channel [id: 0x268bbf4a, L:/127.0.0.1:59876 ! R:localhost/127.0.0.1:59869]
[DEBUG] Closed 1 connections out of 1 in 0 ms
[DEBUG] 

Request DefaultFullHttpRequest(decodeResult: success, version: HTTP/1.1, content: EmptyByteBufBE)
DELETE /session/9b41f94a5147c1092d318add1198a970/window HTTP/1.1
User-Agent: selenium/4.6.0 (java windows)
Content-Type: application/json; charset=utf-8
host: localhost:4067
accept: */*

Response DefaultHttpResponse(decodeResult: success, version: HTTP/1.1)
HTTP/1.1 200 OK
Content-Type: application/json; charset=utf-8
cache-control: no-cache
content-length: 12

[DEBUG] Adding key: http://localhost:4067 for channel [id: 0x0de05103, L:/127.0.0.1:59868 - R:localhost/127.0.0.1:4067]
  Then Page Title should be "Dashboard / nopCommerce administration"         # stepDefinition.Steps.page_title_should_be(java.lang.String)
      java.lang.AssertionError
	at org.junit.Assert.fail(Assert.java:87)
	at org.junit.Assert.assertTrue(Assert.java:42)
	at org.junit.Assert.assertTrue(Assert.java:53)
	at stepDefinition.Steps.page_title_should_be(Steps.java:87)
	at âœ½.Page Title should be "Dashboard / nopCommerce administration"(file:///C:/Sunil%20Software/Cucumber_Practices/./Features/Login.feature:20)

  When User click on Log out link                                            # stepDefinition.Steps.user_click_on_log_out_link()
  Then Page Title should be "Your store. Login"                              # stepDefinition.Steps.page_title_should_be(java.lang.String)
  And close browser                                                          # stepDefinition.Steps.close_browser()
]]></system-out>
    <system-err><![CDATA[Starting ChromeDriver 110.0.5481.77 (65ed616c6e8ee3fe0ad64fe83796c020644d42af-refs/branch-heads/5481@{#839}) on port 4067
Only local connections are allowed.
Please see https://chromedriver.chromium.org/security-considerations for suggestions on keeping ChromeDriver safe.
ChromeDriver was started successfully.
[1681305831.205][WARNING]: This version of ChromeDriver has not been tested with Chrome version 111.
[1681305831.257][WARNING]: virtual void DevToolsClientImpl::AddListener(DevToolsEventListener *) subscribing a listener to the already connected DevToolsClient. Connection notification will not arrive.
Apr 12, 2023 6:53:51 PM org.openqa.selenium.devtools.CdpVersionFinder findNearestMatch
WARNING: Unable to find an exact match for CDP version 111, so returning the closest version found: 107
Apr 12, 2023 6:53:55 PM org.openqa.selenium.remote.http.WebSocket$Listener onError
WARNING: Connection reset
java.net.SocketException: Connection reset
	at java.base/sun.nio.ch.SocketChannelImpl.throwConnectionReset(SocketChannelImpl.java:394)
	at java.base/sun.nio.ch.SocketChannelImpl.read(SocketChannelImpl.java:426)
	at io.netty.buffer.PooledByteBuf.setBytes(PooledByteBuf.java:259)
	at io.netty.buffer.AbstractByteBuf.writeBytes(AbstractByteBuf.java:1132)
	at io.netty.channel.socket.nio.NioSocketChannel.doReadBytes(NioSocketChannel.java:357)
	at io.netty.channel.nio.AbstractNioByteChannel$NioByteUnsafe.read(AbstractNioByteChannel.java:151)
	at io.netty.channel.nio.NioEventLoop.processSelectedKey(NioEventLoop.java:788)
	at io.netty.channel.nio.NioEventLoop.processSelectedKeysOptimized(NioEventLoop.java:724)
	at io.netty.channel.nio.NioEventLoop.processSelectedKeys(NioEventLoop.java:650)
	at io.netty.channel.nio.NioEventLoop.run(NioEventLoop.java:562)
	at io.netty.util.concurrent.SingleThreadEventExecutor$4.run(SingleThreadEventExecutor.java:997)
	at io.netty.util.internal.ThreadExecutorMap$2.run(ThreadExecutorMap.java:74)
	at io.netty.util.concurrent.FastThreadLocalRunnable.run(FastThreadLocalRunnable.java:30)
	at java.base/java.lang.Thread.run(Thread.java:833)

]]></system-err>
  </testcase>
</testsuite>