-------------------------------------------------------------------------------
Test set: testRunner.TestRun
-------------------------------------------------------------------------------
Tests run: 6, Failures: 1, Errors: 0, Skipped: 0, Time elapsed: 132.515 s <<< FAILURE! - in testRunner.TestRun
Login Data Driven #2(Login)  Time elapsed: 5.448 s  <<< FAILURE!
java.lang.AssertionError

